2023-11-04 13:54:09: List
2023-11-04 13:54:13: Log
2023-11-04 14:01:19: Log
2023-11-04 14:01:27: ZipLog
2023-11-04 14:03:55: ZipLog
2023-11-04 14:05:27: ZipLog
2023-11-04 14:08:54: Log
2023-11-04 14:09:04: Help
2023-11-04 14:09:07: Log
2023-11-04 14:10:58: Help
2023-11-04 14:11:01: Log
2023-11-04 14:11:06: ZipLog
2023-11-04 14:12:37: ZipLog
2023-11-04 14:14:19: ZipLog
2023-11-04 14:16:40: ZipLog
2023-11-04 14:20:53: ZipLog
2023-11-04 14:22:04: ZipLog
2023-11-04 14:23:06: Log
2023-11-04 14:23:11: ZipLog
2023-11-04 14:23:59: ZipLog
2023-11-04 14:26:33: List
2023-11-04 14:36:35: Help
2023-11-04 14:37:44: Help
2023-11-04 14:39:36: Help
2023-11-05 14:30:39: List
2023-11-08 17:18:41: Add test test 12/12/2023 Low
2023-11-08 17:20:15: Add test test 2023/12/12 Low
2023-11-08 17:21:31: Add test test 2023/12/12 Low
2023-11-08 17:30:34: Add test test 2023/12/12 Low
2023-11-08 17:31:25: Add test test 2023/12/12 Low
2023-11-08 17:31:30: exit
2023-11-11 14:22:08: Listuser
2023-11-11 14:27:26: Add 12 test test 12/12/2023 Low
2023-11-11 14:27:40: Add 1 test test 12/12/2023 Low
2023-11-11 14:27:44: List
2023-11-11 14:31:23: List
2023-11-11 14:34:00: List
2023-11-11 14:36:06: Listuser
2023-11-11 14:36:38: Add 3 rt rt 12/12/2023 Medium
2023-11-11 14:36:43: List
2023-11-11 14:36:49: List
2023-11-11 14:36:59: Listuser
2023-11-11 14:42:27: List
2023-11-11 14:44:13: Add Marc ty ty 12/12/2023 High
2023-11-11 14:44:18: List
2023-11-11 22:18:42: AddUser gotaga
2023-11-11 22:18:51: Listuser
2023-11-11 22:19:02: AddUser lm
2023-11-11 22:19:04: Listuser
2023-11-11 22:22:45: AddUser LM
2023-11-11 22:22:51: Listuser
2023-11-11 22:23:01: AddUser michou
2023-11-11 22:23:03: Listuser
2023-11-11 22:25:07: ListUser
2023-11-11 22:25:11: Listuser
2023-11-11 22:25:24: DeleteUser michou
2023-11-11 22:25:26: Listuser
2023-11-11 22:40:11: Userlist
2023-11-11 22:40:20: Listuser
2023-11-11 22:40:44: Add LM test test 12/12/2023 Medium
2023-11-11 22:40:55: AllUserTask
2023-11-11 22:40:59: AllUserTask LM
2023-11-11 22:41:34: AddUser Gotier
2023-11-11 22:41:44: NoTaskUser
2023-11-11 22:44:03: AllUserTask LM redv
