2023-11-04 13:54:09: List
2023-11-04 13:54:13: Log
2023-11-04 14:01:19: Log
2023-11-04 14:01:27: ZipLog
2023-11-04 14:03:55: ZipLog
2023-11-04 14:05:27: ZipLog
2023-11-04 14:08:54: Log
2023-11-04 14:09:04: Help
2023-11-04 14:09:07: Log
2023-11-04 14:10:58: Help
2023-11-04 14:11:01: Log
2023-11-04 14:11:06: ZipLog
2023-11-04 14:12:37: ZipLog
2023-11-04 14:14:19: ZipLog
2023-11-04 14:16:40: ZipLog
2023-11-04 14:20:53: ZipLog
2023-11-04 14:22:04: ZipLog
2023-11-04 14:23:06: Log
2023-11-04 14:23:11: ZipLog
2023-11-04 14:23:59: ZipLog
2023-11-04 14:26:33: List
2023-11-04 14:36:35: Help
2023-11-04 14:37:44: Help
2023-11-04 14:39:36: Help
2023-11-05 14:30:39: List
2023-11-08 17:18:41: Add test test 12/12/2023 Low
2023-11-08 17:20:15: Add test test 2023/12/12 Low
2023-11-08 17:21:31: Add test test 2023/12/12 Low
2023-11-08 17:30:34: Add test test 2023/12/12 Low
2023-11-08 17:31:25: Add test test 2023/12/12 Low
2023-11-08 17:31:30: exit
2023-11-11 14:22:08: Listuser
2023-11-11 14:27:26: Add 12 test test 12/12/2023 Low
2023-11-11 14:27:40: Add 1 test test 12/12/2023 Low
2023-11-11 14:27:44: List
2023-11-11 14:31:23: List
2023-11-11 14:34:00: List
2023-11-11 14:36:06: Listuser
2023-11-11 14:36:38: Add 3 rt rt 12/12/2023 Medium
2023-11-11 14:36:43: List
2023-11-11 14:36:49: List
2023-11-11 14:36:59: Listuser
2023-11-11 14:42:27: List
2023-11-11 14:44:13: Add Marc ty ty 12/12/2023 High
2023-11-11 14:44:18: List
2023-11-11 22:18:42: AddUser gotaga
2023-11-11 22:18:51: Listuser
2023-11-11 22:19:02: AddUser lm
2023-11-11 22:19:04: Listuser
2023-11-11 22:22:45: AddUser LM
2023-11-11 22:22:51: Listuser
2023-11-11 22:23:01: AddUser michou
2023-11-11 22:23:03: Listuser
2023-11-11 22:25:07: ListUser
2023-11-11 22:25:11: Listuser
2023-11-11 22:25:24: DeleteUser michou
2023-11-11 22:25:26: Listuser
2023-11-11 22:40:11: Userlist
2023-11-11 22:40:20: Listuser
2023-11-11 22:40:44: Add LM test test 12/12/2023 Medium
2023-11-11 22:40:55: AllUserTask
2023-11-11 22:40:59: AllUserTask LM
2023-11-11 22:41:34: AddUser Gotier
2023-11-11 22:41:44: NoTaskUser
2023-11-11 22:44:03: AllUserTask LM redv
2023-11-13 14:36:57: CommandTxt
2023-11-13 14:39:13: CommandTxt
2023-11-13 14:39:50: CommandTxt
2023-11-13 14:42:04: CommandTxt
2023-11-13 14:43:08: CommandTxt
2023-11-13 14:56:05: CommandTxt
2023-11-13 14:56:40: List
2023-11-13 14:57:35: CommandTxt
2023-11-13 15:00:04: CommandTxt
2023-11-13 15:01:33: CommanTxt
2023-11-13 15:01:38: CommandTxt
2023-11-13 15:03:03: CommandTxt
2023-11-13 15:06:20: CommandTxt
2023-11-13 15:06:40: CommandTxt
2023-11-13 15:09:51: CommandTxt
2023-11-13 15:10:19: CommandTxt
2023-11-13 15:10:57: CommandTxt
2023-11-13 15:17:25: CommandTxt
2023-11-13 15:17:55: CommandTxt
2023-11-13 15:18:23: bite
2023-11-13 15:18:25: vbWRG
2023-11-13 15:18:26: ebr
2023-11-13 15:18:26: berft
2023-11-13 15:18:27: berft
2023-11-13 15:18:27: webr
2023-11-13 15:18:27: wr
2023-11-13 15:18:27: be
2023-11-13 15:18:27: werb
2023-11-13 15:18:27: brw
2023-11-13 15:18:28: 
2023-11-13 15:18:28: r
2023-11-13 15:18:28: wbrb
2023-11-13 15:18:28: rb
2023-11-13 15:18:28: rwb
2023-11-13 15:18:28: wr
2023-11-13 15:18:28: wbrw
2023-11-13 15:18:29: rb
2023-11-13 15:19:38: CommandTxt
2023-11-13 15:19:42: List
2023-11-13 15:21:02: CommandTxt
2023-11-13 15:23:09: CommandTxt
2023-11-13 15:28:25: CommandTxt
2023-11-13 15:28:31: List
2023-11-13 15:49:49: CommandTxt
2023-11-13 15:50:12: CommandTxt
2023-11-13 15:50:53: CommandTxt
2023-11-13 15:51:10: CommandTxt
2023-11-13 15:54:48: CommandTxt
2023-11-13 15:57:23: CommandTxt
2023-11-13 16:20:34: CreateTxt
2023-11-13 16:22:38: CreateTxt
2023-11-13 16:22:59: Command
2023-11-13 16:23:05: CreateTxt
2023-11-13 16:29:16: EditTxt
2023-11-13 16:29:36: Command.txt
2023-11-13 16:33:12: CommandTxt
2023-11-13 16:38:57: DeleteTxt
2023-11-16 14:57:30: List
2023-11-16 14:57:44: ExportDb
2023-11-16 15:04:48: ImportDb
2023-11-16 15:04:56: List
2023-11-16 15:15:44: ImportDb
2023-11-16 15:15:50: List
2023-11-16 15:41:32: ExportDbUser
2023-11-16 15:47:45: ExpoDbTask test.csv
2023-11-16 15:47:50: 
2023-11-16 15:47:54: ExportDbTask test.csv
2023-11-16 15:49:38: ExportDbTask test.csv
2023-11-16 15:51:21: ExportDbTask test.csv
2023-11-16 15:52:27: ExportDbTask test.csv
2023-11-21 15:30:22: List
2023-11-21 15:30:42: Help
2023-11-21 15:32:34: Update 4 David etoile 01/01/2090 Low
2023-11-21 15:32:40: List
2023-11-21 15:32:55: Delete 5
2023-11-21 15:32:59: Delete 4
2023-11-21 15:33:01: Delete 3
2023-11-21 15:33:07: Delete 2
2023-11-21 15:34:25: Complete 1
2023-11-21 15:34:45: List
2023-11-21 15:35:04: ListUser
2023-11-21 15:35:25: AddUser David
2023-11-21 15:35:29: ListUser
2023-11-21 15:35:42: DeleteUser David
2023-11-21 15:35:45: ListUser
2023-11-21 15:35:56: AllUserTask
2023-11-21 15:36:06: AllUserTask LM
2023-11-21 15:37:16: Add lm lm 21/12/2023 High
2023-11-21 15:37:33: Add LM lm lm 21/12/2023 High
2023-11-21 15:37:46: Add LM lm  21/12/2023 High
2023-11-21 15:42:36: Update 1 David etoile 01/01/2090 Low
